{
  "stats": {
    "suites": 1,
    "tests": 1,
    "passes": 0,
    "pending": 0,
    "failures": 1,
    "start": "2025-08-07T20:20:59.979Z",
    "end": "2025-08-07T20:21:01.581Z",
    "duration": 1602,
    "testsRegistered": 2,
    "passPercent": 0,
    "pendingPercent": 0,
    "other": 0,
    "hasOther": false,
    "skipped": 1,
    "hasSkipped": true
  },
  "results": [
    {
      "uuid": "b6431763-1f0d-474f-87c8-d73313febe5f",
      "title": "",
      "fullFile": "cypress/integration/product.cy.js",
      "file": "cypress/integration/product.cy.js",
      "beforeHooks": [],
      "afterHooks": [],
      "tests": [],
      "suites": [
        {
          "uuid": "5b66a98f-186f-47f4-80d4-ba8eff8c6622",
          "title": "Product Page Tests",
          "fullFile": "",
          "file": "",
          "beforeHooks": [],
          "afterHooks": [],
          "tests": [
            {
              "title": "should display products after login",
              "fullTitle": "Product Page Tests should display products after login",
              "timedOut": null,
              "duration": 1444,
              "state": "failed",
              "speed": null,
              "pass": false,
              "fail": true,
              "pending": false,
              "context": null,
              "code": "",
              "err": {
                "message": "SecurityError: Blocked a frame with origin \"https://www.saucedemo.com\" from accessing a cross-origin frame.",
                "estack": "SecurityError: Blocked a frame with origin \"https://www.saucedemo.com\" from accessing a cross-origin frame.\n\nBecause this error occurred during a `before each` hook we are skipping the remaining tests in the current suite: `Product Page Tests`\nError: Blocked a frame with origin \"https://www.saucedemo.com\" from accessing a cross-origin frame.\n    at setWindowDocumentProps (https://www.saucedemo.com/__cypress/runner/cypress_runner.js:150630:42)\n    at HTMLIFrameElement.<anonymous> (https://www.saucedemo.com/__cypress/runner/cypress_runner.js:151491:11)\n    at HTMLIFrameElement.dispatch (https://www.saucedemo.com/__cypress/runner/cypress_runner.js:95702:27)\n    at HTMLIFrameElement.elemData.handle (https://www.saucedemo.com/__cypress/runner/cypress_runner.js:95510:28)",
                "diff": null
              },
              "uuid": "34878dcd-ff47-4d79-ba84-df3da9f59ab7",
              "parentUUID": "5b66a98f-186f-47f4-80d4-ba8eff8c6622",
              "isHook": false,
              "skipped": false
            },
            {
              "title": "should add a product to cart",
              "fullTitle": "Product Page Tests should add a product to cart",
              "timedOut": null,
              "duration": 0,
              "state": "skipped",
              "speed": null,
              "pass": false,
              "fail": false,
              "pending": false,
              "context": null,
              "code": "",
              "err": {},
              "uuid": "39d4ee98-4672-4cf0-9d7a-5950926b9b70",
              "parentUUID": "5b66a98f-186f-47f4-80d4-ba8eff8c6622",
              "isHook": false,
              "skipped": true
            }
          ],
          "suites": [],
          "passes": [],
          "failures": [
            "34878dcd-ff47-4d79-ba84-df3da9f59ab7"
          ],
          "pending": [],
          "skipped": [
            "39d4ee98-4672-4cf0-9d7a-5950926b9b70"
          ],
          "duration": 1444,
          "root": false,
          "rootEmpty": false,
          "_timeout": 2000
        }
      ],
      "passes": [],
      "failures": [],
      "pending": [],
      "skipped": [],
      "duration": 0,
      "root": true,
      "rootEmpty": true,
      "_timeout": 2000
    }
  ],
  "meta": {
    "mocha": {
      "version": "7.0.1"
    },
    "mochawesome": {
      "options": {
        "quiet": false,
        "reportFilename": "mochawesome",
        "saveHtml": true,
        "saveJson": true,
        "consoleReporter": "spec",
        "useInlineDiffs": false,
        "code": false
      },
      "version": "7.1.3"
    },
    "marge": {
      "options": {
        "code": false,
        "overwrite": false,
        "reportFileName": "10pu-cypress-report",
        "autoOpen": true,
        "charts": true
      },
      "version": "6.2.0"
    }
  }
}