{
  "stats": {
    "suites": 1,
    "tests": 1,
    "passes": 0,
    "pending": 0,
    "failures": 1,
    "start": "2025-08-07T20:21:05.200Z",
    "end": "2025-08-07T20:21:06.270Z",
    "duration": 1070,
    "testsRegistered": 5,
    "passPercent": 0,
    "pendingPercent": 0,
    "other": 0,
    "hasOther": false,
    "skipped": 4,
    "hasSkipped": true
  },
  "results": [
    {
      "uuid": "864d4eb7-edf0-4df1-a5d8-bdf612086192",
      "title": "",
      "fullFile": "cypress/integration/saucedemo.cy.js",
      "file": "cypress/integration/saucedemo.cy.js",
      "beforeHooks": [],
      "afterHooks": [],
      "tests": [],
      "suites": [
        {
          "uuid": "e7d6335d-a1cd-467b-b34d-e9a58464e8bc",
          "title": "SauceDemo Login Tests",
          "fullFile": "",
          "file": "",
          "beforeHooks": [],
          "afterHooks": [],
          "tests": [
            {
              "title": "should login successfully with valid credentials",
              "fullTitle": "SauceDemo Login Tests should login successfully with valid credentials",
              "timedOut": null,
              "duration": 882,
              "state": "failed",
              "speed": null,
              "pass": false,
              "fail": true,
              "pending": false,
              "context": null,
              "code": "",
              "err": {
                "message": "SecurityError: Blocked a frame with origin \"https://www.saucedemo.com\" from accessing a cross-origin frame.",
                "estack": "SecurityError: Blocked a frame with origin \"https://www.saucedemo.com\" from accessing a cross-origin frame.\n\nBecause this error occurred during a `before each` hook we are skipping the remaining tests in the current suite: `SauceDemo Login Tests`\nError: Blocked a frame with origin \"https://www.saucedemo.com\" from accessing a cross-origin frame.\n    at setWindowDocumentProps (https://www.saucedemo.com/__cypress/runner/cypress_runner.js:150630:42)\n    at HTMLIFrameElement.<anonymous> (https://www.saucedemo.com/__cypress/runner/cypress_runner.js:151491:11)\n    at HTMLIFrameElement.dispatch (https://www.saucedemo.com/__cypress/runner/cypress_runner.js:95702:27)\n    at HTMLIFrameElement.elemData.handle (https://www.saucedemo.com/__cypress/runner/cypress_runner.js:95510:28)",
                "diff": null
              },
              "uuid": "233f0a52-dc99-4787-a5c5-46c381fe3277",
              "parentUUID": "e7d6335d-a1cd-467b-b34d-e9a58464e8bc",
              "isHook": false,
              "skipped": false
            },
            {
              "title": "should not login with invalid credentials",
              "fullTitle": "SauceDemo Login Tests should not login with invalid credentials",
              "timedOut": null,
              "duration": 0,
              "state": "skipped",
              "speed": null,
              "pass": false,
              "fail": false,
              "pending": false,
              "context": null,
              "code": "",
              "err": {},
              "uuid": "b09c3f7d-42b2-408f-a6f7-fe37834fde8a",
              "parentUUID": "e7d6335d-a1cd-467b-b34d-e9a58464e8bc",
              "isHook": false,
              "skipped": true
            },
            {
              "title": "should show error for locked out user",
              "fullTitle": "SauceDemo Login Tests should show error for locked out user",
              "timedOut": null,
              "duration": 0,
              "state": "skipped",
              "speed": null,
              "pass": false,
              "fail": false,
              "pending": false,
              "context": null,
              "code": "",
              "err": {},
              "uuid": "0f235288-a502-43c4-9331-e12de0573d01",
              "parentUUID": "e7d6335d-a1cd-467b-b34d-e9a58464e8bc",
              "isHook": false,
              "skipped": true
            },
            {
              "title": "should display error if username is empty",
              "fullTitle": "SauceDemo Login Tests should display error if username is empty",
              "timedOut": null,
              "duration": 0,
              "state": "skipped",
              "speed": null,
              "pass": false,
              "fail": false,
              "pending": false,
              "context": null,
              "code": "",
              "err": {},
              "uuid": "3becb3e0-3ac2-4453-9398-755215a39ca8",
              "parentUUID": "e7d6335d-a1cd-467b-b34d-e9a58464e8bc",
              "isHook": false,
              "skipped": true
            },
            {
              "title": "should display error if password is empty",
              "fullTitle": "SauceDemo Login Tests should display error if password is empty",
              "timedOut": null,
              "duration": 0,
              "state": "skipped",
              "speed": null,
              "pass": false,
              "fail": false,
              "pending": false,
              "context": null,
              "code": "",
              "err": {},
              "uuid": "b2bdaae5-47cb-499c-9a8c-df11b6ddef60",
              "parentUUID": "e7d6335d-a1cd-467b-b34d-e9a58464e8bc",
              "isHook": false,
              "skipped": true
            }
          ],
          "suites": [],
          "passes": [],
          "failures": [
            "233f0a52-dc99-4787-a5c5-46c381fe3277"
          ],
          "pending": [],
          "skipped": [
            "b09c3f7d-42b2-408f-a6f7-fe37834fde8a",
            "0f235288-a502-43c4-9331-e12de0573d01",
            "3becb3e0-3ac2-4453-9398-755215a39ca8",
            "b2bdaae5-47cb-499c-9a8c-df11b6ddef60"
          ],
          "duration": 882,
          "root": false,
          "rootEmpty": false,
          "_timeout": 2000
        }
      ],
      "passes": [],
      "failures": [],
      "pending": [],
      "skipped": [],
      "duration": 0,
      "root": true,
      "rootEmpty": true,
      "_timeout": 2000
    }
  ],
  "meta": {
    "mocha": {
      "version": "7.0.1"
    },
    "mochawesome": {
      "options": {
        "quiet": false,
        "reportFilename": "mochawesome",
        "saveHtml": true,
        "saveJson": true,
        "consoleReporter": "spec",
        "useInlineDiffs": false,
        "code": false
      },
      "version": "7.1.3"
    },
    "marge": {
      "options": {
        "code": false,
        "overwrite": false,
        "reportFileName": "10pu-cypress-report",
        "autoOpen": true,
        "charts": true
      },
      "version": "6.2.0"
    }
  }
}