{
  "stats": {
    "suites": 1,
    "tests": 2,
    "passes": 2,
    "pending": 0,
    "failures": 0,
    "start": "2025-08-07T20:25:39.208Z",
    "end": "2025-08-07T20:25:43.995Z",
    "duration": 4787,
    "testsRegistered": 2,
    "passPercent": 100,
    "pendingPercent": 0,
    "other": 0,
    "hasOther": false,
    "skipped": 0,
    "hasSkipped": false
  },
  "results": [
    {
      "uuid": "d96d3f7b-f0f5-4995-8e63-c9dfdbb10e76",
      "title": "",
      "fullFile": "cypress/integration/product.cy.js",
      "file": "cypress/integration/product.cy.js",
      "beforeHooks": [],
      "afterHooks": [],
      "tests": [],
      "suites": [
        {
          "uuid": "689974c0-9681-43e0-bdeb-3279d948d11f",
          "title": "Product Page Tests",
          "fullFile": "",
          "file": "",
          "beforeHooks": [],
          "afterHooks": [],
          "tests": [
            {
              "title": "should display products after login",
              "fullTitle": "Product Page Tests should display products after login",
              "timedOut": null,
              "duration": 2489,
              "state": "passed",
              "speed": "slow",
              "pass": true,
              "fail": false,
              "pending": false,
              "context": null,
              "code": "",
              "err": {},
              "uuid": "21ea0838-5464-4a35-8ac5-97050239dbe5",
              "parentUUID": "689974c0-9681-43e0-bdeb-3279d948d11f",
              "isHook": false,
              "skipped": false
            },
            {
              "title": "should add a product to cart",
              "fullTitle": "Product Page Tests should add a product to cart",
              "timedOut": null,
              "duration": 2078,
              "state": "passed",
              "speed": "slow",
              "pass": true,
              "fail": false,
              "pending": false,
              "context": null,
              "code": "",
              "err": {},
              "uuid": "1ec8302b-c7f2-414a-b4ad-81cac2571d21",
              "parentUUID": "689974c0-9681-43e0-bdeb-3279d948d11f",
              "isHook": false,
              "skipped": false
            }
          ],
          "suites": [],
          "passes": [
            "21ea0838-5464-4a35-8ac5-97050239dbe5",
            "1ec8302b-c7f2-414a-b4ad-81cac2571d21"
          ],
          "failures": [],
          "pending": [],
          "skipped": [],
          "duration": 4567,
          "root": false,
          "rootEmpty": false,
          "_timeout": 2000
        }
      ],
      "passes": [],
      "failures": [],
      "pending": [],
      "skipped": [],
      "duration": 0,
      "root": true,
      "rootEmpty": true,
      "_timeout": 2000
    }
  ],
  "meta": {
    "mocha": {
      "version": "7.0.1"
    },
    "mochawesome": {
      "options": {
        "quiet": false,
        "reportFilename": "mochawesome",
        "saveHtml": true,
        "saveJson": true,
        "consoleReporter": "spec",
        "useInlineDiffs": false,
        "code": false
      },
      "version": "7.1.3"
    },
    "marge": {
      "options": {
        "code": false,
        "overwrite": false,
        "reportFileName": "10pu-cypress-report",
        "autoOpen": true,
        "charts": true
      },
      "version": "6.2.0"
    }
  }
}