{
  "stats": {
    "suites": 1,
    "tests": 2,
    "passes": 2,
    "pending": 0,
    "failures": 0,
    "start": "2025-08-07T20:25:30.155Z",
    "end": "2025-08-07T20:25:36.140Z",
    "duration": 5985,
    "testsRegistered": 2,
    "passPercent": 100,
    "pendingPercent": 0,
    "other": 0,
    "hasOther": false,
    "skipped": 0,
    "hasSkipped": false
  },
  "results": [
    {
      "uuid": "b898e429-f6ab-4372-af4a-4669b0eb024f",
      "title": "",
      "fullFile": "cypress/integration/login.cy.js",
      "file": "cypress/integration/login.cy.js",
      "beforeHooks": [],
      "afterHooks": [],
      "tests": [],
      "suites": [
        {
          "uuid": "a6bb63b0-7bc1-475a-8a5d-a7c40d086b52",
          "title": "Login Test",
          "fullFile": "",
          "file": "",
          "beforeHooks": [],
          "afterHooks": [],
          "tests": [
            {
              "title": "should login with valid credentials",
              "fullTitle": "Login Test should login with valid credentials",
              "timedOut": null,
              "duration": 4099,
              "state": "passed",
              "speed": "slow",
              "pass": true,
              "fail": false,
              "pending": false,
              "context": null,
              "code": "",
              "err": {},
              "uuid": "a3c72c43-597d-492e-85f7-3f549092e3d1",
              "parentUUID": "a6bb63b0-7bc1-475a-8a5d-a7c40d086b52",
              "isHook": false,
              "skipped": false
            },
            {
              "title": "should show error with invalid credentials",
              "fullTitle": "Login Test should show error with invalid credentials",
              "timedOut": null,
              "duration": 1801,
              "state": "passed",
              "speed": "slow",
              "pass": true,
              "fail": false,
              "pending": false,
              "context": null,
              "code": "",
              "err": {},
              "uuid": "1cce0cc6-583c-488b-b70b-c30da99193d6",
              "parentUUID": "a6bb63b0-7bc1-475a-8a5d-a7c40d086b52",
              "isHook": false,
              "skipped": false
            }
          ],
          "suites": [],
          "passes": [
            "a3c72c43-597d-492e-85f7-3f549092e3d1",
            "1cce0cc6-583c-488b-b70b-c30da99193d6"
          ],
          "failures": [],
          "pending": [],
          "skipped": [],
          "duration": 5900,
          "root": false,
          "rootEmpty": false,
          "_timeout": 2000
        }
      ],
      "passes": [],
      "failures": [],
      "pending": [],
      "skipped": [],
      "duration": 0,
      "root": true,
      "rootEmpty": true,
      "_timeout": 2000
    }
  ],
  "meta": {
    "mocha": {
      "version": "7.0.1"
    },
    "mochawesome": {
      "options": {
        "quiet": false,
        "reportFilename": "mochawesome",
        "saveHtml": true,
        "saveJson": true,
        "consoleReporter": "spec",
        "useInlineDiffs": false,
        "code": false
      },
      "version": "7.1.3"
    },
    "marge": {
      "options": {
        "code": false,
        "overwrite": false,
        "reportFileName": "10pu-cypress-report",
        "autoOpen": true,
        "charts": true
      },
      "version": "6.2.0"
    }
  }
}